Removed Pin From Net: NetName=GND Pin=RF2-6
Removed Pin From Net: NetName=GND Pin=RF3-6
Removed Pin From Net: NetName=NetP2_4 Pin=U1-
Added Component: Designator=P?(HDR1X2)
Add component (AddParameter): Name = "LatestRevisionDate"; Value = "17-Jul-2002"; VariantName = "[No Variations]"
Add component (AddParameter): Name = "LatestRevisionNote"; Value = "Re-released for DXP Platform."; VariantName = "[No Variations]"
Add component (AddParameter): Name = "Publisher"; Value = "Altium Limited"; VariantName = "[No Variations]"
Added Pin To Net: NetName=NetP?_1 Pin=P?-1
Added Pin To Net: NetName=NetP?_1 Pin=U1-21
Added Net: Name=NetP?_1
Added Pin To Net: NetName=NetP?_2 Pin=P?-2
Added Pin To Net: NetName=NetP?_2 Pin=U1-22
Added Net: Name=NetP?_2
Added Pin To Net: NetName=NetRF2_6 Pin=RF2-6
Added Pin To Net: NetName=NetRF2_6 Pin=U1-31
Added Net: Name=NetRF2_6
Added Pin To Net: NetName=NetRF3_6 Pin=RF3-6
Added Pin To Net: NetName=NetRF3_6 Pin=U1-13
Added Net: Name=NetRF3_6
Added Member To Class: ClassName=Chassis-Rx-PCB(STM32) Member=Component P? Header 2
Added Room: Name=Chassis-Rx-PCB(STM32)
